{
  "E:\\hn-library\\src\\components\\Button\\Button.stories.tsx": {
    "path": "E:\\hn-library\\src\\components\\Button\\Button.stories.tsx",
    "all": true,
    "statementMap": {
      "0": { "start": { "line": 1, "column": 0 }, "end": { "line": 1, "column": 54 } },
      "1": { "start": { "line": 2, "column": 0 }, "end": { "line": 2, "column": 36 } },
      "3": { "start": { "line": 4, "column": 0 }, "end": { "line": 4, "column": 22 } },
      "5": { "start": { "line": 6, "column": 0 }, "end": { "line": 6, "column": 14 } },
      "6": { "start": { "line": 7, "column": 0 }, "end": { "line": 7, "column": 31 } },
      "7": { "start": { "line": 8, "column": 0 }, "end": { "line": 8, "column": 22 } },
      "8": { "start": { "line": 9, "column": 0 }, "end": { "line": 9, "column": 17 } },
      "9": { "start": { "line": 10, "column": 0 }, "end": { "line": 10, "column": 27 } },
      "10": { "start": { "line": 11, "column": 0 }, "end": { "line": 11, "column": 6 } },
      "11": { "start": { "line": 12, "column": 0 }, "end": { "line": 12, "column": 23 } },
      "12": { "start": { "line": 13, "column": 0 }, "end": { "line": 13, "column": 11 } },
      "13": { "start": { "line": 14, "column": 0 }, "end": { "line": 14, "column": 27 } },
      "14": { "start": { "line": 15, "column": 0 }, "end": { "line": 15, "column": 22 } },
      "15": { "start": { "line": 16, "column": 0 }, "end": { "line": 16, "column": 6 } },
      "16": { "start": { "line": 17, "column": 0 }, "end": { "line": 17, "column": 31 } },
      "18": { "start": { "line": 19, "column": 0 }, "end": { "line": 19, "column": 19 } },
      "21": { "start": { "line": 22, "column": 0 }, "end": { "line": 22, "column": 31 } },
      "22": { "start": { "line": 23, "column": 0 }, "end": { "line": 23, "column": 11 } },
      "23": { "start": { "line": 24, "column": 0 }, "end": { "line": 24, "column": 26 } },
      "24": { "start": { "line": 25, "column": 0 }, "end": { "line": 25, "column": 6 } },
      "25": { "start": { "line": 26, "column": 0 }, "end": { "line": 26, "column": 1 } }
    },
    "s": {
      "0": 0,
      "1": 0,
      "3": 0,
      "5": 0,
      "6": 0,
      "7": 0,
      "8": 0,
      "9": 0,
      "10": 0,
      "11": 0,
      "12": 0,
      "13": 0,
      "14": 0,
      "15": 0,
      "16": 0,
      "18": 0,
      "21": 0,
      "22": 0,
      "23": 0,
      "24": 0,
      "25": 0
    },
    "branchMap": {
      "0": {
        "type": "branch",
        "line": 1,
        "loc": { "start": { "line": 1, "column": 0 }, "end": { "line": 26, "column": -39 } },
        "locations": [{ "start": { "line": 1, "column": 0 }, "end": { "line": 26, "column": -39 } }]
      }
    },
    "b": { "0": [0] },
    "fnMap": {
      "0": {
        "name": "(empty-report)",
        "decl": { "start": { "line": 1, "column": 0 }, "end": { "line": 26, "column": -39 } },
        "loc": { "start": { "line": 1, "column": 0 }, "end": { "line": 26, "column": -39 } },
        "line": 1
      }
    },
    "f": { "0": 0 }
  },
  "E:\\hn-library\\src\\components\\Button\\Button.test.tsx": {
    "path": "E:\\hn-library\\src\\components\\Button\\Button.test.tsx",
    "all": false,
    "statementMap": {
      "0": { "start": { "line": 1, "column": 0 }, "end": { "line": 1, "column": 75 } },
      "1": { "start": { "line": 2, "column": 0 }, "end": { "line": 2, "column": 60 } },
      "2": { "start": { "line": 3, "column": 0 }, "end": { "line": 3, "column": 22 } },
      "5": { "start": { "line": 6, "column": 0 }, "end": { "line": 6, "column": 34 } },
      "6": { "start": { "line": 7, "column": 0 }, "end": { "line": 7, "column": 22 } },
      "8": { "start": { "line": 9, "column": 0 }, "end": { "line": 9, "column": 41 } },
      "9": { "start": { "line": 10, "column": 0 }, "end": { "line": 10, "column": 40 } },
      "10": { "start": { "line": 11, "column": 0 }, "end": { "line": 11, "column": 6 } },
      "12": { "start": { "line": 13, "column": 0 }, "end": { "line": 13, "column": 37 } },
      "13": { "start": { "line": 14, "column": 0 }, "end": { "line": 14, "column": 40 } },
      "14": { "start": { "line": 15, "column": 0 }, "end": { "line": 15, "column": 35 } },
      "15": { "start": { "line": 16, "column": 0 }, "end": { "line": 16, "column": 6 } },
      "17": { "start": { "line": 18, "column": 0 }, "end": { "line": 18, "column": 36 } },
      "18": { "start": { "line": 19, "column": 0 }, "end": { "line": 19, "column": 15 } },
      "19": { "start": { "line": 20, "column": 0 }, "end": { "line": 20, "column": 45 } },
      "20": { "start": { "line": 21, "column": 0 }, "end": { "line": 21, "column": 9 } },
      "21": { "start": { "line": 22, "column": 0 }, "end": { "line": 22, "column": 57 } },
      "22": { "start": { "line": 23, "column": 0 }, "end": { "line": 23, "column": 6 } },
      "24": { "start": { "line": 25, "column": 0 }, "end": { "line": 25, "column": 49 } },
      "25": { "start": { "line": 26, "column": 0 }, "end": { "line": 26, "column": 30 } },
      "26": { "start": { "line": 27, "column": 0 }, "end": { "line": 27, "column": 15 } },
      "27": { "start": { "line": 28, "column": 0 }, "end": { "line": 28, "column": 53 } },
      "28": { "start": { "line": 29, "column": 0 }, "end": { "line": 29, "column": 9 } },
      "29": { "start": { "line": 30, "column": 0 }, "end": { "line": 30, "column": 47 } },
      "30": { "start": { "line": 31, "column": 0 }, "end": { "line": 31, "column": 51 } },
      "31": { "start": { "line": 32, "column": 0 }, "end": { "line": 32, "column": 47 } },
      "32": { "start": { "line": 33, "column": 0 }, "end": { "line": 33, "column": 6 } },
      "34": { "start": { "line": 35, "column": 0 }, "end": { "line": 35, "column": 48 } },
      "35": { "start": { "line": 36, "column": 0 }, "end": { "line": 36, "column": 30 } },
      "36": { "start": { "line": 37, "column": 0 }, "end": { "line": 37, "column": 15 } },
      "37": { "start": { "line": 38, "column": 0 }, "end": { "line": 38, "column": 62 } },
      "38": { "start": { "line": 39, "column": 0 }, "end": { "line": 39, "column": 9 } },
      "39": { "start": { "line": 40, "column": 0 }, "end": { "line": 40, "column": 47 } },
      "40": { "start": { "line": 41, "column": 0 }, "end": { "line": 41, "column": 51 } },
      "41": { "start": { "line": 42, "column": 0 }, "end": { "line": 42, "column": 47 } },
      "42": { "start": { "line": 43, "column": 0 }, "end": { "line": 43, "column": 6 } },
      "43": { "start": { "line": 44, "column": 0 }, "end": { "line": 44, "column": 2 } }
    },
    "s": {
      "0": 1,
      "1": 1,
      "2": 1,
      "5": 1,
      "6": 1,
      "8": 1,
      "9": 1,
      "10": 1,
      "12": 1,
      "13": 1,
      "14": 1,
      "15": 1,
      "17": 1,
      "18": 1,
      "19": 1,
      "20": 1,
      "21": 1,
      "22": 1,
      "24": 1,
      "25": 1,
      "26": 1,
      "27": 1,
      "28": 1,
      "29": 1,
      "30": 1,
      "31": 1,
      "32": 1,
      "34": 1,
      "35": 1,
      "36": 1,
      "37": 1,
      "38": 1,
      "39": 1,
      "40": 1,
      "41": 1,
      "42": 1,
      "43": 1
    },
    "branchMap": {
      "0": {
        "type": "branch",
        "line": 6,
        "loc": { "start": { "line": 6, "column": 27 }, "end": { "line": 44, "column": 2 } },
        "locations": [{ "start": { "line": 6, "column": 27 }, "end": { "line": 44, "column": 2 } }]
      },
      "1": {
        "type": "branch",
        "line": 9,
        "loc": { "start": { "line": 9, "column": 34 }, "end": { "line": 11, "column": 5 } },
        "locations": [{ "start": { "line": 9, "column": 34 }, "end": { "line": 11, "column": 5 } }]
      },
      "2": {
        "type": "branch",
        "line": 13,
        "loc": { "start": { "line": 13, "column": 30 }, "end": { "line": 16, "column": 5 } },
        "locations": [{ "start": { "line": 13, "column": 30 }, "end": { "line": 16, "column": 5 } }]
      },
      "3": {
        "type": "branch",
        "line": 18,
        "loc": { "start": { "line": 18, "column": 29 }, "end": { "line": 23, "column": 5 } },
        "locations": [{ "start": { "line": 18, "column": 29 }, "end": { "line": 23, "column": 5 } }]
      },
      "4": {
        "type": "branch",
        "line": 25,
        "loc": { "start": { "line": 25, "column": 36 }, "end": { "line": 33, "column": 5 } },
        "locations": [{ "start": { "line": 25, "column": 36 }, "end": { "line": 33, "column": 5 } }]
      },
      "5": {
        "type": "branch",
        "line": 35,
        "loc": { "start": { "line": 35, "column": 35 }, "end": { "line": 43, "column": 5 } },
        "locations": [{ "start": { "line": 35, "column": 35 }, "end": { "line": 43, "column": 5 } }]
      }
    },
    "b": { "0": [1], "1": [1], "2": [1], "3": [1], "4": [1], "5": [1] },
    "fnMap": {},
    "f": {}
  },
  "E:\\hn-library\\src\\components\\Button\\index.tsx": {
    "path": "E:\\hn-library\\src\\components\\Button\\index.tsx",
    "all": false,
    "statementMap": {
      "0": { "start": { "line": 1, "column": 0 }, "end": { "line": 1, "column": 26 } },
      "2": { "start": { "line": 3, "column": 0 }, "end": { "line": 3, "column": 40 } },
      "3": { "start": { "line": 4, "column": 0 }, "end": { "line": 4, "column": 23 } },
      "5": { "start": { "line": 6, "column": 0 }, "end": { "line": 6, "column": 101 } },
      "7": { "start": { "line": 8, "column": 0 }, "end": { "line": 8, "column": 39 } },
      "8": { "start": { "line": 9, "column": 0 }, "end": { "line": 9, "column": 45 } },
      "9": { "start": { "line": 10, "column": 0 }, "end": { "line": 10, "column": 42 } },
      "10": { "start": { "line": 11, "column": 0 }, "end": { "line": 11, "column": 6 } },
      "12": { "start": { "line": 13, "column": 0 }, "end": { "line": 13, "column": 18 } },
      "13": { "start": { "line": 14, "column": 0 }, "end": { "line": 14, "column": 21 } },
      "14": { "start": { "line": 15, "column": 0 }, "end": { "line": 15, "column": 25 } },
      "15": { "start": { "line": 16, "column": 0 }, "end": { "line": 16, "column": 18 } },
      "17": { "start": { "line": 18, "column": 0 }, "end": { "line": 18, "column": 18 } },
      "18": { "start": { "line": 19, "column": 0 }, "end": { "line": 19, "column": 13 } },
      "19": { "start": { "line": 20, "column": 0 }, "end": { "line": 20, "column": 2 } },
      "20": { "start": { "line": 21, "column": 0 }, "end": { "line": 21, "column": 22 } }
    },
    "s": {
      "0": 1,
      "2": 1,
      "3": 1,
      "5": 1,
      "7": 5,
      "8": 5,
      "9": 5,
      "10": 5,
      "12": 5,
      "13": 5,
      "14": 5,
      "15": 5,
      "17": 5,
      "18": 5,
      "19": 5,
      "20": 1
    },
    "branchMap": {
      "0": {
        "type": "branch",
        "line": 6,
        "loc": { "start": { "line": 6, "column": 38 }, "end": { "line": 20, "column": 2 } },
        "locations": [{ "start": { "line": 6, "column": 38 }, "end": { "line": 20, "column": 2 } }]
      }
    },
    "b": { "0": [5] },
    "fnMap": {
      "0": {
        "name": "Button",
        "decl": { "start": { "line": 6, "column": 38 }, "end": { "line": 20, "column": 2 } },
        "loc": { "start": { "line": 6, "column": 38 }, "end": { "line": 20, "column": 2 } },
        "line": 6
      }
    },
    "f": { "0": 5 }
  }
}
